<?xml version="1.0" encoding="UTF-8"?>
<testsuite name="RockPaperScissorsTest" tests="3" skipped="0" failures="0" errors="0" timestamp="2016-04-20T16:50:16" hostname="epicodus-62.local" time="0.001">
  <properties/>
  <testcase name="checkWinner_scissorsBeatsPaper_true" classname="RockPaperScissorsTest" time="0.001"/>
  <testcase name="checkWinner_rockBeatsScissors_true" classname="RockPaperScissorsTest" time="0.0"/>
  <testcase name="checkWinner_scissorsTie_true" classname="RockPaperScissorsTest" time="0.0"/>
  <system-out><![CDATA[]]></system-out>
  <system-err><![CDATA[]]></system-err>
</testsuite>
